129 83 92 137 9 161 80 84 101 4 11 13 111 13 180 108 125 108 180 13 11 4 81 158 66 107 46 107 100 105 157 195 85 6 85 56 99 156 95 59 25 7 25 196 140 196 25 59 71 59 178 26 61 79 61 91 97 96 63 123 49 53 121 171 121 53 49 155 17 8 48 8 17 155 49 123 63 96 87 33 5 40 5 33 87 96 97 91 61 188 61 26 126 68 110 10 31 10 110 68 126 26 128 190 177 65 0 82 0 160 0 65 177 190 128 26 178 59 95 156 99 56 85 195 157 105 100 107 66 158 141 158 81 4 101 84 80 161 9 137 92 183 47 62 47 116 47 183 92 83 130 83 129
73
92 92
137 197 137
9 9
161 161
84 84
101 101
4 184 4
11 11
13 50 13
111 142
180 180
108 114 108
125 125
81 81
158 158
66 66
107 109 107
46 122
100 100
105 192 98 105
157 29 157
195 195
85 23 85
6 51 6
56 56
99 99
156 156
95 95
59 59
25 25
7 175
196 196
140 151
71 194
178 39 178
26 163 26
61 21 61
79 152
91 91
97 97
96 76 2 96
63 191 63
123 123
49 49
53 53
121 150 121
171 171
155 155
17 57 17
8 8
48 189 48
87 87
33 33
5 174 5
40 88 40
188 16 188
126 126
110 14 110
31 55
128 128
190 64 190
177 177
65 65
0 145 15 0
82 82
160 160
141 103
80 89
183 183
47 58
62 62
116 44
130 36 130
