Soda loc3 loc63 loc10 loc86 loc99 loc86 loc10 loc63 loc12 loc61 loc23 loc61 loc12 loc92 loc53 loc29 loc95 loc28 loc95 loc29 loc53 loc92 loc12 loc63 loc3 Soda loc18 loc50 loc33 loc71 loc19 loc26 loc67 loc26 loc19 loc45 loc20 loc49 loc20 loc45 loc32 loc45 loc66 loc36 loc66 loc45 loc93 loc45 loc19 loc71 loc33 loc50 loc18 Soda loc72 loc6 loc44 loc40 loc44 loc6 loc72 loc15 loc72 loc64 loc8 loc31 loc41 loc31 loc8 loc83 loc91 loc83 loc8 loc64 loc72 Soda
34
loc10 loc10
loc86 loc96 loc86
loc99 loc99
loc12 loc12
loc61 loc61
loc23 loc30 loc23
loc92 loc92
loc53 loc53
loc29 loc55 loc29
loc95 loc95
loc28 loc13 loc28
loc18 loc21 loc18
loc33 loc33
loc71 loc71
loc19 loc19
loc26 loc43 loc26
loc67 loc90 loc67
loc45 loc81 loc45
loc20 loc20
loc49 loc73 loc49
loc32 loc48 loc32
loc66 loc66
loc36 loc97 loc36
loc93 loc93
loc72 loc72
loc44 loc89 loc44
loc40 loc39 loc40
loc15 loc57
loc8 loc17 loc8
loc31 loc31
loc41 loc38 loc41
loc83 loc83
loc91 loc68 loc91
Soda loc79
