Soda loc3 loc64 loc199 loc64 loc3 loc179 loc45 loc90 loc151 loc65 loc43 loc27 loc180 loc10 loc95 loc21 loc8 loc15 loc60 loc68 loc192 loc170 loc196 loc51 loc155 loc51 loc196 loc142 loc196 loc170 loc192 loc68 loc60 loc15 loc8 loc101 loc148 loc22 loc148 loc101 loc8 loc21 loc95 loc165 loc95 loc10 loc147 loc38 loc193 loc111 loc11 loc30 loc39 loc198 loc28 loc166 loc28 loc198 loc39 loc30 loc11 loc111 loc181 loc26 loc181 loc111 loc193 loc38 loc147 loc55 loc194 loc35 loc134 loc99 loc134 loc35 loc194 loc55 loc147 loc10 loc180 loc141 loc41 loc77 loc173 loc107 loc173 loc77 loc41 loc141 loc180 loc27 loc43 loc50 loc74 loc13 loc34 loc14 loc121 loc14 loc34 loc32 loc34 loc84 loc167 loc84 loc34 loc138 loc34 loc13 loc74 loc23 loc17 loc23 loc74 loc50 loc43 loc65 loc151 loc92 loc57 loc75 loc137 loc40 loc137 loc75 loc57 loc157 loc57 loc92 loc151 loc104 loc163 loc42 loc163 loc104 loc151 loc90 loc45 loc179 loc53 loc25 loc53 loc179 loc3 Soda loc106 loc36 loc145 loc156 loc145 loc36 loc106 Soda
69
Soda Soda
loc3 loc3
loc64 loc64
loc199 loc80 loc199
loc45 loc45
loc90 loc90
loc151 loc151
loc65 loc82 loc65
loc180 loc180
loc10 loc10
loc95 loc95
loc8 loc8
loc15 loc79 loc15
loc68 loc126
loc192 loc192
loc170 loc170
loc51 loc103 loc51
loc155 loc155
loc196 loc185
loc142 loc7 loc142
loc101 loc101
loc22 loc183 loc22
loc165 loc100 loc165
loc147 loc131 loc147
loc38 loc122 loc38
loc193 loc114 loc193
loc111 loc128 loc111
loc11 loc11
loc30 loc136 loc30
loc39 loc39
loc198 loc24
loc28 loc28
loc166 loc109
loc181 loc37 loc181
loc26 loc188 loc26
loc55 loc55
loc194 loc194
loc35 loc35
loc99 loc9
loc141 loc141
loc41 loc41
loc77 loc77
loc173 loc173
loc107 loc146 loc107
loc50 loc83 loc50
loc74 loc74
loc13 loc13
loc34 loc118 loc34
loc14 loc88 loc14
loc121 loc121
loc32 loc189 loc32
loc84 loc97 loc84
loc167 loc167
loc138 loc138
loc23 loc23
loc17 loc94 loc17
loc57 loc72 loc57
loc75 loc75
loc137 loc137
loc40 loc20 loc40
loc157 loc59 loc157
loc163 loc154 loc163
loc42 loc171 loc42
loc53 loc58 loc53
loc25 loc140 loc25
loc106 loc106
loc36 loc172 loc36
loc145 loc145
loc156 loc6 loc156
