85 24 0 61 57 61 0 65 6 65 0 24 85 31 32 25 32 64 62 7 21 37 49 46 49 80 48 14 45 53 42 92 42 53 45 14 48 80 49 37 21 7 62 87 10 87 82 74 82 87 62 64 32 31 83 16 29 16 66 71 70 22 41 22 70 68 70 99 60 91 60 99 70 71 66 16 83 31 85 54 85 94 5 94 36 11 72 52 72 11 89 11 36 94 85
43
0 0
61 8
57 57
6 35
24 81
31 86 31
25 23
64 64
7 7
21 76
37 37
46 27 46
80 80
48 48
14 55
45 45
53 53
42 69
92 92
87 87
10 93
82 51
74 50
83 13
16 16
29 98
71 71
22 22
41 47
70 38
68 68
99 56 99
91 44 91
60 96
85 43
54 54
94 94
5 1
11 11
52 34 52
72 77
89 79
36 28
