99 176 103 52 22 8 135 61 54 129 28 137 97 43 18 7 18 121 148 16 190 37 53 120 160 84 160 120 53 162 0 21 5 23 180 23 5 138 30 138 170 113 114 113 170 138 5 182 5 21 0 162 130 104 31 104 169 144 55 69 83 69 93 69 100 81 126 49 27 116 27 49 125 49 193 142 156 142 193 49 126 118 126 81 100 69 173 69 55 144 169 104 130 162 53 37 190 16 148 121 18 133 124 133 18 43 56 96 157 172 157 96 56 43 97 137 185 45 185 137 186 85 186 137 28 129 54 61 135 8 22 58 22 52 167 154 122 48 26 199 42 199 26 48 122 154 167 52 103 76 161 62 128 164 95 24 194 40 2 86 2 112 71 112 2 40 194 24 95 106 108 106 159 106 95 184 19 1 12 139 12 1 19 184 95 164 128 62 161 76 103 176 188 175 178 36 98 32 98 152 98 36 155 110 155 36 178 79 178 175 188 176 99
94
99 99
176 35
103 103
22 22
8 47 8
61 61
54 88
28 28
97 97
18 18
7 111
148 148
16 17
190 190
53 53
160 160
84 166
120 171
0 0
5 5
23 165
180 180
138 20
30 30
170 170
113 51
114 114
182 68
21 78
130 130
31 82
169 169
55 55
69 163
83 83
93 94
100 100
81 158
126 126
49 123
27 27
116 117
125 125
142 142
156 70
118 4
173 173
133 59
124 124
56 56
96 132
157 119
172 172
43 66
137 150
185 185
45 41
186 186
85 127
58 102
52 92
167 167
122 122
26 26
199 39
42 42
154 149
161 161
62 73
128 80
164 168 164
24 24
40 40
2 146
86 181
112 112
71 192
106 106
108 174
159 131
95 183
184 184
1 1
12 12
139 33
188 188
175 15
178 178
98 98
32 34
152 90
155 155
110 151
79 75
