woebegone cowhand Andersen extrovert Andersen cowhand Irvin cowhand explosion archive barnacle broil thirteen involuntary icon torus icon involuntary lexicon Vega lexicon involuntary spill involuntary thirteen broil barnacle archive dull swingy Fisk December Fisk swingy dull archive papal archive postscript trimester Curtis trimester bat Winchester connubial Winchester oriole PDP Sunday whatsoever Sunday PDP limitate inform millennium funky millennium inform limitate PDP oriole bunch oriole Winchester bat trimester illusion trimester transfuse trimester yogurt Simon Goodrich Simon Rodney Simon yogurt trimester postscript archive sphalerite archive explosion cowhand woebegone encumbrance sinh Durango Reilly Durango sinh encumbrance woebegone felony babysat felony casserole MN monotonous MN casserole felony switchmen Gilmore simulate Gilmore switchmen funny McCall diligent numerology stanza numerology diligent McCall funny yearn funny switchmen felony thoroughfare felony woebegone trill fulsome shovel fulsome trill woebegone
62
Andersen Andersen
extrovert Tucson extrovert
Irvin mack Irvin
explosion explosion
archive softball archive
barnacle barnacle
broil broil
thirteen thirteen
involuntary slowdown backplate involuntary
icon update icon
torus coarse
lexicon Modesto
Vega Vega
spill mitre spill
dull Wheller dull
swingy swingy
Fisk mediate Fisk
December Zorn December
papal car papal
postscript postscript
trimester trimester
Curtis deduce Curtis
bat directory bat
Winchester Winchester
connubial anvil connubial
oriole oriole
PDP PDP
Sunday silage Sunday
whatsoever whatsoever
limitate limitate
inform secondary inform
millennium millennium
funky swordfish funky
bunch midstream bunch
illusion griddle illusion
transfuse catenate transfuse
yogurt yogurt
Simon Darwin Simon
Goodrich Goodrich
Rodney Auberge Rodney
sphalerite sphalerite
encumbrance transonic
sinh sinh
Durango bifurcate Hewlett Durango
Reilly Reilly
felony tate equipping Isfahan felony
babysat babysat
casserole renaissance casserole
MN noon
monotonous dreadnought monotonous
Gilmore Gilmore
simulate Stephen simulate
funny wingspread funny
McCall septillion McCall
diligent diligent
numerology viscous numerology
stanza administer stanza
yearn yearn
switchmen imperishable
thoroughfare thoroughfare
fulsome embroil fulsome
shovel choice shovel
