fmdhlepsteinstdnkill epsteindlsfdntmkillh dnkillepsteinlshdtfm mftkillepsteinndlhsd tmsdnfdlkillhepstein mftkillepsteinndlhsd dnkillepsteinlshdtfm epsteinkillmsftnddlh dmepsteinfnhltkillsd fshtdepsteinmldnkill lndsdkilltmepsteinhf hsndepsteindlmtkillf tlmsdhdnkillfepstein tmlepsteinsdnfkillhd tlmsdhdnkillfepstein fmsepsteindntldhkill epsteindfhlmdnskillt fmsepsteindntldhkill tlmsdhdnkillfepstein hsndepsteindlmtkillf lndsdkilltmepsteinhf fshtdepsteinmldnkill dmepsteinfnhltkillsd epsteinkillmsftnddlh epsteinskilldlndhmtf killnsfmhdepsteindtl nfdhkilllsmtepsteind killnsfmhdepsteindtl fdshnmkillepsteinltd fddsepsteinhnlkilltm ddtmkillepsteinflsnh hepsteinsddnfkillmlt ddtmkillepsteinflsnh fddsepsteinhnlkilltm fdshnmkillepsteinltd killnsfmhdepsteindtl epsteinskilldlndhmtf epsteinkillmsftnddlh fkillepsteindlhdnsmt nltdmsfepsteinkilldh hnfdtmlepsteinkillds hdepsteinskillldtnfm hnfdtmlepsteinkillds nhslfmepsteindtkilld hnfdtmlepsteinkillds nltdmsfepsteinkilldh fkillepsteindlhdnsmt epsteinkillmsftnddlh dnkillepsteinlshdtfm killepsteinlhtfdsmdn epsteinlshkilldnfdmt flepsteindndhmtkills killdmnsfhldepsteint epsteintdkilllnfdhms killdmnsfhldepsteint flepsteindndhmtkills epsteinlshkilldnfdmt killepsteinlhtfdsmdn dnkillepsteinlshdtfm ddlmnftepsteinhskill fhndskillepsteintldm lhsepsteindtdnmkillf fhndskillepsteintldm ddlmnftepsteinhskill hnsdkilllftdmepstein nepsteinlmdkilldhfts ntlepsteindmfdshkill nepsteinlmdkilldhfts epsteinkillnmsdhtdlf fkillepsteinmldnhstd epsteinkillnmsdhtdlf nepsteinlmdkilldhfts hnsdkilllftdmepstein epsteinfsddmthkillnl hnsdkilllftdmepstein ddlmnftepsteinhskill fepsteinhsntddkilllm ddlmnftepsteinhskill dnkillepsteinlshdtfm epsteindlsfdntmkillh fmdhlepsteinstdnkill
39
epsteindlsfdntmkillh epsteindlsfdntmkillh
dnkillepsteinlshdtfm lmhdtfdepsteinnkills dnkillepsteinlshdtfm
mftkillepsteinndlhsd mftkillepsteinndlhsd
tmsdnfdlkillhepstein lhepsteinkilldtnmfsd
epsteinkillmsftnddlh epsteinkillmsftnddlh
dmepsteinfnhltkillsd dmepsteinfnhltkillsd
fshtdepsteinmldnkill fshtdepsteinmldnkill
lndsdkilltmepsteinhf lndsdkilltmepsteinhf
hsndepsteindlmtkillf hsndepsteindlmtkillf
tlmsdhdnkillfepstein epsteinmhndfkilltdls lsdepsteinfmkillndth tlmsdhdnkillfepstein
tmlepsteinsdnfkillhd tmlepsteinsdnfkillhd
fmsepsteindntldhkill fmsepsteindntldhkill
epsteindfhlmdnskillt dlnsthfmepsteinkilld epsteindfhlmdnskillt
epsteinskilldlndhmtf epsteinskilldlndhmtf
killnsfmhdepsteindtl killnsfmhdepsteindtl
nfdhkilllsmtepsteind dfkilllmtepsteinhdsn nfdhkilllsmtepsteind
fdshnmkillepsteinltd fdshnmkillepsteinltd
ddtmkillepsteinflsnh ddtmkillepsteinflsnh
hepsteinsddnfkillmlt nkilltdhlmdepsteinsf hepsteinsddnfkillmlt
nltdmsfepsteinkilldh nltdmsfepsteinkilldh
hnfdtmlepsteinkillds msfltdkillnepsteinhd hnfdtmlepsteinkillds
hdepsteinskillldtnfm hdepsteinskillldtnfm
nhslfmepsteindtkilld hsdfepsteintlnkilldm
fkillepsteindlhdnsmt stepsteinhkillfmnldd
killepsteinlhtfdsmdn dhkilllsepsteinmntdf killepsteinlhtfdsmdn
epsteinlshkilldnfdmt epsteinlshkilldnfdmt
flepsteindndhmtkills flepsteindndhmtkills
killdmnsfhldepsteint ndkillftdsmepsteinlh killdmnsfhldepsteint
epsteintdkilllnfdhms epsteintdkilllnfdhms
ddlmnftepsteinhskill tlsfdmdepsteinnhkill ddlmnftepsteinhskill
fhndskillepsteintldm fhndskillepsteintldm
lhsepsteindtdnmkillf lnsmkilltfdepsteindh
hnsdkilllftdmepstein hnsdkilllftdmepstein
nepsteinlmdkilldhfts nepsteinlmdkilldhfts
ntlepsteindmfdshkill killmlepsteindthnfsd ntlepsteindmfdshkill
fkillepsteinmldnhstd depsteinnlsfmhtkilld
epsteinfsddmthkillnl dhepsteindsnlkillfmt
fepsteinhsntddkilllm fepsteinhsntddkilllm
fmdhlepsteinstdnkill nhmkilllsftepsteindd
