dldkilltnmhfepsteins msddkilllthepsteinfn dlfdkilltepsteinhnms fhnmkillepsteinsdltd depsteinftndhmkillsl fthlkillnepsteindsdm depsteinftndhmkillsl tldkillhsfnmepsteind depsteinlfnmkilldsht tsmdepsteinkillhfdln lkilldtnmsepsteindfh tdnfmdhepsteinslkill epsteintfhndkilllmsd tdnfmdhepsteinslkill lkilldtnmsepsteindfh dhmkillfdltnsepstein hnsepsteinmkillfddtl dhmkillfdltnsepstein mhdskillldftnepstein killtdslhfdepsteinnm shfnmltepsteindkilld killdldepsteinmfsthn epsteinfthkilldnslmd ntmdhepsteinsdkillfl fddsmepsteintnkillhl dhsepsteintlkillmfnd lepsteindsmnhftdkill dhsepsteintlkillmfnd epsteinhdkillltsmfdn mdkillntepsteindfhsl tndskilldfepsteinmhl mdkillntepsteindfhsl epsteinhdkillltsmfdn mkilldlshdtfepsteinn nfltdmkillsdepsteinh killhtdmdlnsfepstein ltfnsdhepsteinkilldm tepsteinmdfldhnskill ltfnsdhepsteinkilldm killhtdmdlnsfepstein hmdkilllnepsteinfsdt lsmftnepsteinkillhdd dflstmkillepsteindhn killdepsteinmfltdshn tsdnhkilllmepsteindf killdepsteinmfltdshn dflstmkillepsteindhn lsmftnepsteinkillhdd hmdkilllnepsteinfsdt msepsteintlhnfkilldd sldhnfmtdkillepstein tepsteinhsdkillmldfn sldhnfmtdkillepstein msepsteintlhnfkilldd hmdkilllnepsteinfsdt killhtdmdlnsfepstein nfltdmkillsdepsteinh mkilldlshdtfepsteinn epsteinhnkillsldfdmt mkilldlshdtfepsteinn epsteinhdkillltsmfdn dhsepsteintlkillmfnd fddsmepsteintnkillhl ntmdhepsteinsdkillfl epsteinfthkilldnslmd mdkilllfdnstepsteinh fdmtdepsteinkilllsnh mfndlsdepsteinhkillt dsftepsteindhkillmnl mfndlsdepsteinhkillt fdmtdepsteinkilllsnh mdkilllfdnstepsteinh epsteinfthkilldnslmd killdldepsteinmfsthn shfnmltepsteindkilld hnddkilltslmfepstein nftmskilldldepsteinh hnddkilltslmfepstein thdlskillnfdmepstein lepsteinkilldhfmstnd thdlskillnfdmepstein hnddkilltslmfepstein lkillfthdsepsteindnm hnddkilltslmfepstein shfnmltepsteindkilld killtdslhfdepsteinnm fmtnkilldepsteindhsl hsepsteinfkillnmddtl epsteindmshtfldnkill killthsepsteindmlfdn depsteinslkillhdftmn killthsepsteindmlfdn epsteindmshtfldnkill hsepsteinfkillnmddtl fmtnkilldepsteindhsl killtdslhfdepsteinnm dkillldfepsteintsmnh ldfsmnepsteinkilltdh dkillldfepsteintsmnh killtdslhfdepsteinnm dtsmdnlhfepsteinkill mkillthfdlnepsteinds skillthlfndepsteindm fsepsteindkillhmtdln dhkillldsepsteintnmf epsteinfsltkillnhddm dhkillldsepsteintnmf fsepsteindkillhmtdln dkillnmhldstfepstein epsteinshlkilldmnfdt dfdepsteintlnskillhm epsteinshlkilldmnfdt dkillnmhldstfepstein hdntepsteinkilllsdfm dkillnmhldstfepstein fsepsteindkillhmtdln epsteinlmkillfshnddt fsepsteindkillhmtdln skillthlfndepsteindm mkillthfdlnepsteinds dtsmdnlhfepsteinkill killtdslhfdepsteinnm mhdskillldftnepstein dhmkillfdltnsepstein lkilldtnmsepsteindfh tsmdepsteinkillhfdln depsteinlfnmkilldsht dkillfepsteinnhdmtls sdndhepsteinltkillfm killmdshdtnflepstein sdndhepsteinltkillfm killshdlmftnepsteind nsepsteinfmdkillhldt killshdlmftnepsteind sdndhepsteinltkillfm lmkillepsteintsndfhd lhsntdepsteindkillmf lmkillepsteintsndfhd hepsteinntdkillsdmfl lmkillepsteintsndfhd sdndhepsteinltkillfm dkillfepsteinnhdmtls depsteinlfnmkilldsht tldkillhsfnmepsteind depsteinftndhmkillsl hepsteinnfdmlsdtkill depsteinftndhmkillsl fhnmkillepsteinsdltd dlfdkilltepsteinhnms msddkilllthepsteinfn dldkilltnmhfepsteins
70
msddkilllthepsteinfn msddkilllthepsteinfn
dlfdkilltepsteinhnms dlfdkilltepsteinhnms
fhnmkillepsteinsdltd lepsteindnhstfdmkill fhnmkillepsteinsdltd
depsteinftndhmkillsl epsteindkilltlmnhsfd depsteinftndhmkillsl
fthlkillnepsteindsdm thnkillmddsepsteinfl
tldkillhsfnmepsteind tldkillhsfnmepsteind
depsteinlfnmkilldsht lhepsteintndkilldsmf depsteinlfnmkilldsht
tsmdepsteinkillhfdln killfthnmsdlepsteind tsmdepsteinkillhfdln
lkilldtnmsepsteindfh lkilldtnmsepsteindfh
epsteintfhndkilllmsd tdkillepsteinsmhdfnl epsteintfhndkilllmsd
dhmkillfdltnsepstein dhmkillfdltnsepstein
hnsepsteinmkillfddtl dhtepsteinkillsdflmn hnsepsteinmkillfddtl
mhdskillldftnepstein mhdskillldftnepstein
killtdslhfdepsteinnm slepsteinkillfmddhtn killtdslhfdepsteinnm
shfnmltepsteindkilld shfnmltepsteindkilld
killdldepsteinmfsthn dnldkillhmfstepstein killdldepsteinmfsthn
epsteinfthkilldnslmd epsteinfthkilldnslmd
ntmdhepsteinsdkillfl ntmdhepsteinsdkillfl
fddsmepsteintnkillhl mndtkillepsteindlfhs fddsmepsteintnkillhl
dhsepsteintlkillmfnd dhsepsteintlkillmfnd
lepsteindsmnhftdkill epsteinldtnfmshdkill
epsteinhdkillltsmfdn epsteinhdkillltsmfdn
mdkillntepsteindfhsl dmldfhskillntepstein mdkillntepsteindfhsl
tndskilldfepsteinmhl dkillnmsfhtlepsteind tndskilldfepsteinmhl
mkilldlshdtfepsteinn mkilldlshdtfepsteinn
nfltdmkillsdepsteinh nfltdmkillsdepsteinh
killhtdmdlnsfepstein sndldftmkillepsteinh killhtdmdlnsfepstein
ltfnsdhepsteinkilldm killtdmsdfhnepsteinl ltfnsdhepsteinkilldm
tepsteinmdfldhnskill tepsteinmdfldhnskill
hmdkilllnepsteinfsdt killmfndshdtepsteinl hmdkilllnepsteinfsdt
lsmftnepsteinkillhdd lsmftnepsteinkillhdd
dflstmkillepsteindhn dflstmkillepsteindhn
killdepsteinmfltdshn killdepsteinmfltdshn
tsdnhkilllmepsteindf tdfkillslepsteinhdmn tsdnhkilllmepsteindf
msepsteintlhnfkilldd msepsteintlhnfkilldd
sldhnfmtdkillepstein fhdmnepsteindkillslt sldhnfmtdkillepstein
tepsteinhsdkillmldfn tepsteinhsdkillmldfn
epsteinhnkillsldfdmt nmdhepsteinkilltfsld epsteinhnkillsldfdmt
mdkilllfdnstepsteinh lkillepsteintdshmfnd mdkilllfdnstepsteinh
fdmtdepsteinkilllsnh fdmtdepsteinkilllsnh
dsftepsteindhkillmnl sdlhfnmdepsteintkill
nftmskilldldepsteinh mdkillnlsdtepsteinhf nftmskilldldepsteinh
thdlskillnfdmepstein dmtlsfhnkilldepstein thdlskillnfdmepstein
lepsteinkilldhfmstnd lepsteinkilldhfmstnd
hnddkilltslmfepstein killtepsteinddhlmnsf
lkillfthdsepsteindnm dtnkillsepsteinmdfhl
fmtnkilldepsteindhsl mkillldnhepsteinstfd fmtnkilldepsteindhsl
hsepsteinfkillnmddtl hsepsteinfkillnmddtl
epsteindmshtfldnkill hmndfkillslepsteintd epsteindmshtfldnkill
killthsepsteindmlfdn nepsteindhkillltmsfd killthsepsteindmlfdn
depsteinslkillhdftmn depsteinslkillhdftmn
dkillldfepsteintsmnh dlshdtepsteinnkillfm
ldfsmnepsteinkilltdh ldfsmnepsteinkilltdh
dtsmdnlhfepsteinkill epsteinsnmflhtdkilld dtsmdnlhfepsteinkill
mkillthfdlnepsteinds mkillthfdlnepsteinds
skillthlfndepsteindm skillthlfndepsteindm
fsepsteindkillhmtdln killhdfnsepsteinmltd fsepsteindkillhmtdln
epsteinfsltkillnhddm fmltddhnepsteinskill
dkillnmhldstfepstein skillmfepsteinthddnl dkillnmhldstfepstein
dfdepsteintlnskillhm ldepsteindhkilltsmfn dfdepsteintlnskillhm
hdntepsteinkilllsdfm mhkillepsteinddlfsnt
epsteinlmkillfshnddt epsteinlmkillfshnddt
sdndhepsteinltkillfm dfkilllepsteinsnmhtd sdndhepsteinltkillfm
killmdshdtnflepstein fdskillndtmepsteinlh
killshdlmftnepsteind ndkillthdepsteinlsmf
nsepsteinfmdkillhldt hnskillepsteintfdmld
lmkillepsteintsndfhd ndshkilldmlepsteinft lmkillepsteintsndfhd
lhsntdepsteindkillmf lhsntdepsteindkillmf
hepsteinntdkillsdmfl depsteintkilllnmsfdh hepsteinntdkillsdmfl
hepsteinnfdmlsdtkill hepsteinnfdmlsdtkill
