tepsteinfdkilldlmhns killepsteintdldshfnm dhlepsteindkillsmtnf lepsteinfdkillsdnmht nfdhepsteinltsdmkill thmepsteinlkillfsndd mfskillnhlddtepstein thmepsteinlkillfsndd slepsteinftndkillmdh htskillepsteindnlfdm ndlmhepsteintdskillf htskillepsteindnlfdm slepsteinftndkillmdh thmepsteinlkillfsndd nfdhepsteinltsdmkill lepsteinfdkillsdnmht dhlepsteindkillsmtnf killepsteintdldshfnm thsfnmkilldlepsteind ndlepsteinhdtskillfm ldnmepsteinhfstdkill hepsteinnfstkilllmdd hfskillnepsteinldtdm hepsteinnfstkilllmdd ldnmepsteinhfstdkill nmhdkilltslepsteinfd ldnmepsteinhfstdkill ndlepsteinhdtskillfm thsfnmkilldlepsteind killepsteintdldshfnm dtepsteindnhmskillfl fnmhskilldepsteinltd msnepsteinfkillhtdld snldmtkillfepsteindh epsteinthsdmndkillfl snldmtkillfepsteindh msnepsteinfkillhtdld fnmhskilldepsteinltd dtepsteindnhmskillfl killepsteintdldshfnm tepsteinfdkilldlmhns hdepsteinsmdtnflkill tepsteinfdkilldlmhns
19
killepsteintdldshfnm nlhtdsdepsteinfmkill killepsteintdldshfnm
dhlepsteindkillsmtnf dhlepsteindkillsmtnf
lepsteinfdkillsdnmht lepsteinfdkillsdnmht
nfdhepsteinltsdmkill nfdhepsteinltsdmkill
thmepsteinlkillfsndd thmepsteinlkillfsndd
mfskillnhlddtepstein epsteindsmnlfdtkillh
htskillepsteindnlfdm htskillepsteindnlfdm
ndlmhepsteintdskillf tmhsnfepsteinldkilld ndlmhepsteintdskillf
thsfnmkilldlepsteind tskillepsteinhfmddnl
ndlepsteinhdtskillfm ndlepsteinhdtskillfm
hepsteinnfstkilllmdd hepsteinnfstkilllmdd
hfskillnepsteinldtdm killnfhdsdltepsteinm
nmhdkilltslepsteinfd hldmepsteindsnkilltf
ldnmepsteinhfstdkill skilldnmlhdftepstein
fnmhskilldepsteinltd fnmhskilldepsteinltd
msnepsteinfkillhtdld epsteinsdfmhltkillnd hkillmepsteinstdfdnl msnepsteinfkillhtdld
snldmtkillfepsteindh snldmtkillfepsteindh
epsteinthsdmndkillfl nkillsdtdhfmlepstein epsteinthsdmndkillfl
hdepsteinsmdtnflkill fnlskillhtepsteindmd hdepsteinsmdtnflkill
