node0 node59 node83 node80 node89 node31 node97 node8 node70 node79 node6 node79 node70 node8 node97 node31 node89 node52 node50 node74 node92 node46 node92 node74 node50 node86 node75 node86 node96 node56 node51 node78 node61 node78 node51 node56 node96 node86 node50 node52 node89 node80 node83 node88 node76 node4 node57 node69 node5 node64 node67 node66 node84 node66 node67 node64 node5 node99 node58 node63 node25 node63 node71 node63 node58 node99 node5 node69 node57 node4 node76 node87 node81 node68 node73 node68 node81 node87 node76 node88 node83 node59 node0
39
node59 node59
node83 node83
node80 node80
node89 node89
node97 node97
node70 node70
node79 node82 node79
node6 node55
node52 node94 node52
node50 node50
node74 node95 node91 node74
node92 node92
node46 node90
node86 node72 node86
node75 node75
node96 node60 node96
node56 node56
node51 node51
node78 node53 node78
node61 node61
node88 node88
node76 node76
node57 node57
node69 node69
node64 node64
node67 node67
node66 node66
node84 node62 node84
node5 node65
node99 node99
node58 node58
node63 node54 node63
node25 node98
node71 node71
node87 node87
node81 node81
node68 node85 node68
node73 node77 node73
node0 node93
