node0 node162 node157 node137 node183 node91 node183 node196 node183 node137 node157 node162 node0 node184 node134 node79 node134 node112 node174 node24 node135 node102 node32 node124 node132 node186 node101 node186 node132 node124 node32 node102 node76 node156 node107 node57 node143 node30 node115 node52 node115 node30 node165 node149 node154 node127 node113 node127 node154 node149 node175 node118 node110 node61 node120 node61 node110 node192 node110 node118 node175 node149 node165 node30 node143 node57 node107 node173 node188 node46 node195 node46 node188 node168 node126 node103 node126 node168 node198 node145 node147 node111 node67 node169 node193 node182 node109 node197 node121 node128 node121 node197 node163 node177 node155 node116 node105 node166 node70 node104 node189 node104 node70 node176 node70 node166 node114 node119 node138 node133 node122 node55 node180 node141 node179 node49 node194 node49 node179 node141 node180 node55 node122 node133 node138 node119 node114 node166 node105 node116 node155 node177 node163 node197 node109 node182 node193 node169 node67 node111 node147 node131 node158 node82 node159 node152 node96 node152 node159 node82 node158 node131 node170 node87 node172 node87 node170 node131 node147 node145 node198 node168 node188 node173 node107 node156 node76 node102 node135 node24 node174 node112 node134 node184 node0
76
node162 node162
node157 node146 node157
node137 node137
node183 node136 node183
node91 node108
node196 node129 node196
node184 node130 node184
node134 node134
node79 node153
node112 node112
node174 node174
node135 node135
node102 node102
node124 node124
node132 node132
node186 node186
node101 node187 node101
node156 node156
node107 node107
node143 node143
node115 node115
node52 node144
node165 node165
node149 node149
node154 node154
node127 node127
node113 node139 node113
node175 node175
node118 node164 node118
node110 node110
node120 node117 node120
node192 node148 node192
node173 node167 node173
node188 node188
node195 node185 node195
node168 node168
node126 node126
node103 node106 node103
node198 node198
node145 node145
node147 node147
node111 node151 node111
node169 node169
node193 node193
node182 node182
node109 node109
node197 node161 node100 node197
node121 node121
node128 node125 node128
node163 node163
node177 node177
node155 node142 node155
node116 node116
node105 node105
node166 node166
node104 node160 node104
node189 node189
node70 node199
node176 node140 node176
node114 node114
node119 node119
node138 node138
node133 node133
node122 node122
node180 node180
node141 node141
node179 node179
node194 node178 node194
node131 node131
node158 node158
node159 node159
node152 node181 node152
node96 node171
node170 node150 node170
node172 node190 node172
node0 node191
