0 185 23 153 115 107 115 153 154 114 17 5 6 15 6 5 160 8 160 5 17 50 125 19 89 98 89 151 31 151 89 19 157 35 157 19 125 50 17 72 78 38 74 38 131 38 145 26 167 26 145 38 78 52 199 52 78 72 184 14 13 197 13 14 184 57 184 72 17 96 17 137 11 87 43 159 42 76 42 159 43 87 190 21 190 87 11 128 28 128 11 193 39 193 11 137 129 152 129 137 17 114 111 164 51 176 51 164 111 114 154 163 1 133 1 163 83 130 9 103 9 130 88 67 172 67 88 130 83 163 146 166 108 37 101 196 101 37 108 166 146 163 154 153 23 185 0
68
0 0
23 23
153 153
115 115
107 158 107
154 174 154
114 114
17 94 70 17
5 5
15 16 15
6 173
160 160
8 71 8
50 182 50
125 125
89 89
98 2 98
151 151
31 24 31
157 157
35 3 35
72 72
78 177 78
38 84 38
74 22 74
131 93
26 80 26
167 120 167
52 52
199 59 199
184 184
14 14
13 102 13
197 197
57 66
96 96
137 137
11 138 65 11
43 43
159 141 159
42 42
76 33
190 116 190
21 143 21
128 81 128
28 187 28
193 27 193
39 56 39
129 47 129
152 152
111 111
164 164
51 51
176 69
1 1
133 86 133
83 83
130 130
9 4 9
103 103
67 67
172 134 172
88 183
146 146
166 100 166
108 20
101 68 101
196 18
