Jingzhou Ghugus Veenendaal Shizunaifurukawacho Shumen Jeypore Malnate Kheri Carouge Carmichael elCampello NiagaraFalls Chittaranjan BurgbeiMagdeburg Kabarnet Tabatinga Colachel Ibri Rembangan Thamaga Bejucal TanahMerah LondonderryCountyBor Radnor RioFormoso AzZuwaytinah Ronse Ketrzyn SanJosedeOcoa Tottori Kiruna Srinagar Kirovsk KrasnoyeSelo Ouarzazat Entroncamento Chegem Khabarovsk Crespo Falun Lysva Shively Depok CoonRapids Sagalo NiagaraFalls Sanaa JabalosSaraj Frosinone SaintMichael MelitodiNapoli BeneBeraq Gangtok Kheri Ermelo KampLintfort Pundong Manduria Ghugus Jingzhou
47
Ghugus Ghugus
Veenendaal Veenendaal
Shizunaifurukawacho Shizunaifurukawacho
Shumen Shumen
Jeypore Jeypore
Malnate Malnate
Kheri Kheri
Carouge Carouge
Carmichael Carmichael
elCampello elCampello
Chittaranjan Chittaranjan
BurgbeiMagdeburg BurgbeiMagdeburg
Kabarnet Kabarnet
Tabatinga Tabatinga
Colachel Colachel
Ibri Ibri
Rembangan Rembangan
Thamaga Thamaga
Bejucal Bejucal
TanahMerah TanahMerah
LondonderryCountyBor LondonderryCountyBor
Radnor Radnor
RioFormoso RioFormoso
AzZuwaytinah AzZuwaytinah
Ronse Ronse
Ketrzyn Ketrzyn
SanJosedeOcoa SanJosedeOcoa
Tottori Tottori
Srinagar Srinagar
Kirovsk Kirovsk
Ouarzazat Ouarzazat
Entroncamento Entroncamento
Chegem Chegem
Khabarovsk Khabarovsk
Crespo Crespo
Lysva Lysva
Shively Shively
Depok FortLauderdale Depok
CoonRapids CoonRapids
Sagalo Sagalo
Sanaa Sarzedo Sanaa
JabalosSaraj JabalosSaraj
SaintMichael Rangae SaintMichael
BeneBeraq BeneBeraq
Gangtok Gangtok
Ermelo Ermelo
Manduria Manduria
