Kaimganj Leixlip Isakogorka Yucheng Korolev Tsirang MilpaAlta Tocache GobernadorGalvez Novopokrovskaya Albi Karasuyama Tsukawaki Novopokrovskaya Anahuac MilpaAlta MontecatiniTerme Gobo Racine PinhalNovo Kansk EncarnaciondeDiaz Mesa Kawit Fagaras Pilibhit Norristown Malaybalay Narangba Cambui Fandriana Korolev Isakogorka Kaimganj
23
Leixlip Leixlip
Isakogorka Isakogorka
Yucheng Yucheng
Korolev Korolev
Tsirang Tsirang
MilpaAlta MilpaAlta
Tocache Tocache
GobernadorGalvez GobernadorGalvez
Novopokrovskaya Novopokrovskaya
Albi Albi
Karasuyama Karasuyama
Tsukawaki Tsukawaki
Anahuac Anahuac
MontecatiniTerme MontecatiniTerme
Gobo Gobo
Racine Racine
PinhalNovo PinhalNovo
EncarnaciondeDiaz EncarnaciondeDiaz
Fagaras Fagaras
Pilibhit Irvine Pilibhit
Norristown Brecht
Narangba Dankov Narangba
Fandriana Fandriana
