pace nationalist brake opposed king likely page likely pier injury mixture injury output exclusive output injury pier likely king approval tablet approval king opposed thumb enter prison enter thumb opposed brake headline audience due voice due audience headline brake nationalist pace
19
nationalist feature nationalist
brake brake
opposed opposed
king king
likely market circulation likely
page guarantee page
injury skeleton injury
mixture mixture
output output
exclusive throne
approval approval
tablet gate
enter deposit enter
prison honor
thumb exempt
headline headline
audience audience
due excuse
voice voice
