1 11 132 122 36 47 120 59 144 110 84 38 12 119 60 14 24 35 48 134 96 71 72 83 108 62 118 16 34 4 94 28 130 52 22 88 10 76 82 40 46 64 70 112 106 100 58 124 142 136 1 116 42 68 126 44 102 41 114 5 6 113 78 101 54 80 138 17 66 128 18 140 90 29 30 8 1 53 1 56 1 77 1 125 1 20 1 95 1 23 1 26 1 143 1 50 1 86 1
86
11 11
132 132
122 122
36 36
47 47
120 120
59 59
144 144
110 110
84 84
38 38
12 12
119 119
60 60
14 14
24 24
35 35
48 48
134 134
96 96
71 71
72 72
83 83
108 108
62 62
118 118
16 16
34 34
4 4
94 94
28 28
130 130
52 52
22 22
88 88
10 10
76 76
82 82
40 40
46 46
64 64
70 70
112 112
106 106
100 100
58 58
124 124
142 142
136 136
116 116
42 42
68 68
126 126
44 44
102 102
41 41
114 114
5 5
6 6
113 113
78 78
101 101
54 54
80 80
138 138
17 17
66 66
128 128
18 18
140 140
90 90
29 29
30 30
8 8
1 98
53 53
56 56
77 77
125 125
20 20
95 95
23 23
26 26
143 143
50 50
86 86
