x61 x5 x61 x12 x41 x12 x61 x79 x3 x20 x1 x20 x3 x49 x59 x49 x3 x55 x73 x94 x21 x50 x31 x50 x86 x50 x89 x8 x71 x18 x71 x8 x89 x50 x21 x95 x7 x95 x91 x37 x91 x95 x21 x94 x48 x66 x48 x94 x73 x55 x99 x43 x99 x55 x3 x79 x23 x40 x23 x69 x4 x90 x87 x90 x4 x69 x23 x79 x85 x79 x61
32
x61 x61
x5 x46 x5
x12 x12
x41 x97
x79 x42 x79
x3 x80 x26 x3
x1 x30 x1
x20 x58
x49 x49
x59 x13 x59
x55 x54 x55
x94 x2 x94
x21 x21
x31 x88 x31
x86 x98
x89 x89
x8 x8
x71 x96 x71
x18 x0 x18
x95 x39 x95
x7 x32 x7
x91 x28 x91
x37 x37
x48 x52
x66 x68 x66
x99 x99
x43 x81 x43
x23 x34 x23
x40 x40
x90 x90
x87 x53 x87
x85 x93
