x182 x11 x58 x127 x45 x119 x151 x119 x45 x176 x45 x127 x79 x127 x98 x127 x168 x127 x187 x86 x66 x86 x84 x86 x155 x167 x155 x177 x28 x177 x89 x116 x109 x0 x109 x38 x113 x21 x76 x158 x141 x90 x50 x9 x19 x59 x32 x59 x117 x59 x19 x9 x95 x146 x196 x69 x196 x92 x53 x92 x196 x146 x95 x9 x50 x31 x80 x31 x191 x31 x50 x93 x74 x104 x74 x93 x50 x90 x141 x138 x26 x184 x46 x184 x71 x20 x166 x20 x71 x77 x14 x77 x71 x184 x26 x138 x141 x158 x143 x64 x48 x64 x106 x64 x120 x64 x137 x125 x72 x125 x137 x64 x143 x100 x101 x100 x143 x158 x76 x21 x164 x21 x172 x21 x113 x38 x109 x116 x89 x177 x155 x198 x155 x86 x187 x160 x187 x127 x58 x11 x182
64
x182 x182
x11 x11
x58 x58
x127 x49 x127
x45 x45
x119 x23 x119
x151 x151
x176 x189
x79 x27 x79
x98 x42 x98
x168 x56
x86 x87 x3 x86
x66 x66
x84 x179 x84
x155 x155
x167 x102
x177 x192 x177
x28 x25
x116 x116
x109 x109
x0 x163
x113 x113
x21 x118 x17 x21
x76 x114 x76
x141 x43 x141
x50 x10 x50
x19 x19
x59 x186 x59
x32 x183 x32
x117 x82
x95 x95
x146 x128 x146
x69 x194 x69
x92 x83 x18 x92
x53 x53
x9 x136
x31 x161 x6 x31
x80 x80
x191 x133
x74 x185 x2 x74
x104 x104
x138 x138
x26 x26
x184 x107 x30 x184
x46 x46
x71 x61 x71
x20 x7 x20
x166 x166
x77 x77
x14 x94 x14
x143 x143
x64 x88 x64
x48 x4 x48
x106 x15 x106
x120 x156
x137 x137
x125 x125
x72 x147 x72
x100 x153 x99 x100
x101 x159
x164 x164
x172 x55 x172
x198 x139 x198
x160 x8
